<?xml version="1.0" encoding="UTF-8"?>
<!-- Generated by org.testng.reporters.JUnitReportReporter -->
<testsuite hostname="Piyushs-iMac.local" failures="0" tests="1" name="tests.SampleTest" time="8.873" errors="0" timestamp="2025-04-10T21:45:23 IST" skipped="0">
  <testcase classname="tests.SampleTest" name="sampleTest" time="8.873"/>
</testsuite> <!-- tests.SampleTest -->
